[0m[1maws_security_group.dr_runner: Refreshing state... [id=sg-0ef7121b96b6db7de][0m
[0m[1maws_instance.dr_runner: Refreshing state... [id=i-03b5d644bb4e6d0b1][0m

Terraform used the selected providers to generate the following execution
plan. Resource actions are indicated with the following symbols:
  [31m-[0m destroy[0m

Terraform will perform the following actions:

[1m  # aws_instance.dr_runner[0m will be [1m[31mdestroyed[0m
[0m  [31m-[0m[0m resource "aws_instance" "dr_runner" {
      [31m-[0m[0m ami                                  = "ami-0136735c2bb5cf5bf" [90m-> null[0m[0m
      [31m-[0m[0m arn                                  = "arn:aws:ec2:us-east-1:048622080012:instance/i-03b5d644bb4e6d0b1" [90m-> null[0m[0m
      [31m-[0m[0m associate_public_ip_address          = true [90m-> null[0m[0m
      [31m-[0m[0m availability_zone                    = "us-east-1a" [90m-> null[0m[0m
      [31m-[0m[0m disable_api_stop                     = false [90m-> null[0m[0m
      [31m-[0m[0m disable_api_termination              = false [90m-> null[0m[0m
      [31m-[0m[0m ebs_optimized                        = false [90m-> null[0m[0m
      [31m-[0m[0m force_destroy                        = false [90m-> null[0m[0m
      [31m-[0m[0m get_password_data                    = false [90m-> null[0m[0m
      [31m-[0m[0m hibernation                          = false [90m-> null[0m[0m
      [31m-[0m[0m id                                   = "i-03b5d644bb4e6d0b1" [90m-> null[0m[0m
      [31m-[0m[0m instance_initiated_shutdown_behavior = "stop" [90m-> null[0m[0m
      [31m-[0m[0m instance_state                       = "running" [90m-> null[0m[0m
      [31m-[0m[0m instance_type                        = "t3.small" [90m-> null[0m[0m
      [31m-[0m[0m ipv6_address_count                   = 0 [90m-> null[0m[0m
      [31m-[0m[0m ipv6_addresses                       = [] [90m-> null[0m[0m
      [31m-[0m[0m key_name                             = "jobintel-dr-20260207T022326Z-dr" [90m-> null[0m[0m
      [31m-[0m[0m monitoring                           = false [90m-> null[0m[0m
      [31m-[0m[0m placement_partition_number           = 0 [90m-> null[0m[0m
      [31m-[0m[0m primary_network_interface_id         = "eni-0bcb54840555f1e72" [90m-> null[0m[0m
      [31m-[0m[0m private_dns                          = "ip-172-31-87-104.ec2.internal" [90m-> null[0m[0m
      [31m-[0m[0m private_ip                           = "172.31.87.104" [90m-> null[0m[0m
      [31m-[0m[0m public_dns                           = "ec2-44-204-229-202.compute-1.amazonaws.com" [90m-> null[0m[0m
      [31m-[0m[0m public_ip                            = "44.204.229.202" [90m-> null[0m[0m
      [31m-[0m[0m region                               = "us-east-1" [90m-> null[0m[0m
      [31m-[0m[0m secondary_private_ips                = [] [90m-> null[0m[0m
      [31m-[0m[0m security_groups                      = [
          [31m-[0m[0m "jobintel-dr-sg",
        ] [90m-> null[0m[0m
      [31m-[0m[0m source_dest_check                    = true [90m-> null[0m[0m
      [31m-[0m[0m subnet_id                            = "subnet-a4b7ff85" [90m-> null[0m[0m
      [31m-[0m[0m tags                                 = {
          [31m-[0m[0m "ManagedBy" = "terraform"
          [31m-[0m[0m "Name"      = "jobintel-dr-runner"
          [31m-[0m[0m "Purpose"   = "jobintel-dr"
        } [90m-> null[0m[0m
      [31m-[0m[0m tags_all                             = {
          [31m-[0m[0m "ManagedBy" = "terraform"
          [31m-[0m[0m "Name"      = "jobintel-dr-runner"
          [31m-[0m[0m "Purpose"   = "jobintel-dr"
        } [90m-> null[0m[0m
      [31m-[0m[0m tenancy                              = "default" [90m-> null[0m[0m
      [31m-[0m[0m user_data                            = <<-EOT
            #!/usr/bin/env bash
            set -euo pipefail
            apt-get update
            apt-get install -y curl ca-certificates
            curl -sfL https://get.k3s.io | INSTALL_K3S_VERSION=v1.31.5+k3s1 sh -
        EOT [90m-> null[0m[0m
      [31m-[0m[0m user_data_replace_on_change          = false [90m-> null[0m[0m
      [31m-[0m[0m vpc_security_group_ids               = [
          [31m-[0m[0m "sg-0ef7121b96b6db7de",
        ] [90m-> null[0m[0m

      [31m-[0m[0m capacity_reservation_specification {
          [31m-[0m[0m capacity_reservation_preference = "open" [90m-> null[0m[0m
        }

      [31m-[0m[0m cpu_options {
          [31m-[0m[0m core_count       = 1 [90m-> null[0m[0m
          [31m-[0m[0m threads_per_core = 2 [90m-> null[0m[0m
        }

      [31m-[0m[0m credit_specification {
          [31m-[0m[0m cpu_credits = "unlimited" [90m-> null[0m[0m
        }

      [31m-[0m[0m enclave_options {
          [31m-[0m[0m enabled = false [90m-> null[0m[0m
        }

      [31m-[0m[0m maintenance_options {
          [31m-[0m[0m auto_recovery = "default" [90m-> null[0m[0m
        }

      [31m-[0m[0m metadata_options {
          [31m-[0m[0m http_endpoint               = "enabled" [90m-> null[0m[0m
          [31m-[0m[0m http_protocol_ipv6          = "disabled" [90m-> null[0m[0m
          [31m-[0m[0m http_put_response_hop_limit = 2 [90m-> null[0m[0m
          [31m-[0m[0m http_tokens                 = "required" [90m-> null[0m[0m
          [31m-[0m[0m instance_metadata_tags      = "disabled" [90m-> null[0m[0m
        }

      [31m-[0m[0m primary_network_interface {
          [31m-[0m[0m delete_on_termination = true [90m-> null[0m[0m
          [31m-[0m[0m network_interface_id  = "eni-0bcb54840555f1e72" [90m-> null[0m[0m
        }

      [31m-[0m[0m private_dns_name_options {
          [31m-[0m[0m enable_resource_name_dns_a_record    = false [90m-> null[0m[0m
          [31m-[0m[0m enable_resource_name_dns_aaaa_record = false [90m-> null[0m[0m
          [31m-[0m[0m hostname_type                        = "ip-name" [90m-> null[0m[0m
        }

      [31m-[0m[0m root_block_device {
          [31m-[0m[0m delete_on_termination = true [90m-> null[0m[0m
          [31m-[0m[0m device_name           = "/dev/sda1" [90m-> null[0m[0m
          [31m-[0m[0m encrypted             = false [90m-> null[0m[0m
          [31m-[0m[0m iops                  = 3000 [90m-> null[0m[0m
          [31m-[0m[0m tags                  = {} [90m-> null[0m[0m
          [31m-[0m[0m tags_all              = {} [90m-> null[0m[0m
          [31m-[0m[0m throughput            = 125 [90m-> null[0m[0m
          [31m-[0m[0m volume_id             = "vol-025bcac2ffb8dec73" [90m-> null[0m[0m
          [31m-[0m[0m volume_size           = 8 [90m-> null[0m[0m
          [31m-[0m[0m volume_type           = "gp3" [90m-> null[0m[0m
        }
    }

[1m  # aws_security_group.dr_runner[0m will be [1m[31mdestroyed[0m
[0m  [31m-[0m[0m resource "aws_security_group" "dr_runner" {
      [31m-[0m[0m arn                    = "arn:aws:ec2:us-east-1:048622080012:security-group/sg-0ef7121b96b6db7de" [90m-> null[0m[0m
      [31m-[0m[0m description            = "JobIntel DR runner access" [90m-> null[0m[0m
      [31m-[0m[0m egress                 = [
          [31m-[0m[0m {
              [31m-[0m[0m cidr_blocks      = [
                  [31m-[0m[0m "0.0.0.0/0",
                ]
              [31m-[0m[0m description      = ""
              [31m-[0m[0m from_port        = 0
              [31m-[0m[0m ipv6_cidr_blocks = []
              [31m-[0m[0m prefix_list_ids  = []
              [31m-[0m[0m protocol         = "-1"
              [31m-[0m[0m security_groups  = []
              [31m-[0m[0m self             = false
              [31m-[0m[0m to_port          = 0
            },
        ] [90m-> null[0m[0m
      [31m-[0m[0m id                     = "sg-0ef7121b96b6db7de" [90m-> null[0m[0m
      [31m-[0m[0m ingress                = [
          [31m-[0m[0m {
              [31m-[0m[0m cidr_blocks      = [
                  [31m-[0m[0m "0.0.0.0/0",
                ]
              [31m-[0m[0m description      = "SSH"
              [31m-[0m[0m from_port        = 22
              [31m-[0m[0m ipv6_cidr_blocks = []
              [31m-[0m[0m prefix_list_ids  = []
              [31m-[0m[0m protocol         = "tcp"
              [31m-[0m[0m security_groups  = []
              [31m-[0m[0m self             = false
              [31m-[0m[0m to_port          = 22
            },
          [31m-[0m[0m {
              [31m-[0m[0m cidr_blocks      = [
                  [31m-[0m[0m "0.0.0.0/0",
                ]
              [31m-[0m[0m description      = "k3s API"
              [31m-[0m[0m from_port        = 6443
              [31m-[0m[0m ipv6_cidr_blocks = []
              [31m-[0m[0m prefix_list_ids  = []
              [31m-[0m[0m protocol         = "tcp"
              [31m-[0m[0m security_groups  = []
              [31m-[0m[0m self             = false
              [31m-[0m[0m to_port          = 6443
            },
        ] [90m-> null[0m[0m
      [31m-[0m[0m name                   = "jobintel-dr-sg" [90m-> null[0m[0m
      [31m-[0m[0m owner_id               = "048622080012" [90m-> null[0m[0m
      [31m-[0m[0m region                 = "us-east-1" [90m-> null[0m[0m
      [31m-[0m[0m revoke_rules_on_delete = false [90m-> null[0m[0m
      [31m-[0m[0m tags                   = {
          [31m-[0m[0m "ManagedBy" = "terraform"
          [31m-[0m[0m "Name"      = "jobintel-dr-sg"
          [31m-[0m[0m "Purpose"   = "jobintel-dr"
        } [90m-> null[0m[0m
      [31m-[0m[0m tags_all               = {
          [31m-[0m[0m "ManagedBy" = "terraform"
          [31m-[0m[0m "Name"      = "jobintel-dr-sg"
          [31m-[0m[0m "Purpose"   = "jobintel-dr"
        } [90m-> null[0m[0m
      [31m-[0m[0m vpc_id                 = "vpc-4362fc3e" [90m-> null[0m[0m
    }

[1mPlan:[0m 0 to add, 0 to change, 2 to destroy.
[0m
Changes to Outputs:
  [31m-[0m[0m instance_id     = "i-03b5d644bb4e6d0b1" [90m-> null[0m[0m
  [31m-[0m[0m kubeconfig_hint = "scp ubuntu@44.204.229.202:/etc/rancher/k3s/k3s.yaml ./k3s-dr.yaml" [90m-> null[0m[0m
  [31m-[0m[0m private_ip      = "172.31.87.104" [90m-> null[0m[0m
  [31m-[0m[0m public_ip       = "44.204.229.202" [90m-> null[0m[0m
  [31m-[0m[0m ssh_command     = "ssh -i <path-to-key> ubuntu@44.204.229.202" [90m-> null[0m[0m
[0m[1maws_instance.dr_runner: Destroying... [id=i-03b5d644bb4e6d0b1][0m[0m
[0m[1maws_instance.dr_runner: Still destroying... [id=i-03b5d644bb4e6d0b1, 10s elapsed][0m[0m
[0m[1maws_instance.dr_runner: Still destroying... [id=i-03b5d644bb4e6d0b1, 20s elapsed][0m[0m
[0m[1maws_instance.dr_runner: Still destroying... [id=i-03b5d644bb4e6d0b1, 30s elapsed][0m[0m
[0m[1maws_instance.dr_runner: Still destroying... [id=i-03b5d644bb4e6d0b1, 40s elapsed][0m[0m
[0m[1maws_instance.dr_runner: Destruction complete after 40s[0m
[0m[1maws_security_group.dr_runner: Destroying... [id=sg-0ef7121b96b6db7de][0m[0m
[0m[1maws_security_group.dr_runner: Destruction complete after 1s[0m
[0m[1m[32m
Destroy complete! Resources: 2 destroyed.
[0m